f:\文档\研究生\界面算法(更新10.7)\上行界面算法(更新6.20）\mywidget_log11oneserver\mywidget\x64\release\mywidget.pch
f:\文档\研究生\界面算法(更新10.7)\上行界面算法(更新6.20）\mywidget_log11oneserver\mywidget\x64\release\stdafx.obj
f:\文档\研究生\界面算法(更新10.7)\上行界面算法(更新6.20）\mywidget_log11oneserver\mywidget\x64\release\qrc_mywidget.obj
f:\文档\研究生\界面算法(更新10.7)\上行界面算法(更新6.20）\mywidget_log11oneserver\mywidget\x64\release\proces.obj
f:\文档\研究生\界面算法(更新10.7)\上行界面算法(更新6.20）\mywidget_log11oneserver\mywidget\x64\release\mywidget.obj
f:\文档\研究生\界面算法(更新10.7)\上行界面算法(更新6.20）\mywidget_log11oneserver\mywidget\x64\release\main.obj
f:\文档\研究生\界面算法(更新10.7)\上行界面算法(更新6.20）\mywidget_log11oneserver\mywidget\x64\release\moc_mywidget.obj
f:\文档\研究生\界面算法(更新10.7)\上行界面算法(更新6.20）\mywidget_log11oneserver\mywidget\generatedfiles\release\moc_mywidget.cpp
f:\文档\研究生\界面算法(更新10.7)\上行界面算法(更新6.20）\mywidget_log11oneserver\mywidget\generatedfiles\ui_mywidget.h
f:\文档\研究生\界面算法(更新10.7)\上行界面算法(更新6.20）\mywidget_log11oneserver\mywidget\generatedfiles\qrc_mywidget.cpp
f:\文档\研究生\界面算法(更新10.7)\上行界面算法(更新6.20）\mywidget_log11oneserver\x64\release\mywidget.exe
f:\文档\研究生\界面算法(更新10.7)\上行界面算法(更新6.20）\mywidget_log11oneserver\mywidget\x64\release\mywidget.res
f:\文档\研究生\界面算法(更新10.7)\上行界面算法(更新6.20）\mywidget_log11oneserver\mywidget\x64\release\mywidget.tlog\cl.command.1.tlog
f:\文档\研究生\界面算法(更新10.7)\上行界面算法(更新6.20）\mywidget_log11oneserver\mywidget\x64\release\mywidget.tlog\cl.read.1.tlog
f:\文档\研究生\界面算法(更新10.7)\上行界面算法(更新6.20）\mywidget_log11oneserver\mywidget\x64\release\mywidget.tlog\cl.write.1.tlog
f:\文档\研究生\界面算法(更新10.7)\上行界面算法(更新6.20）\mywidget_log11oneserver\mywidget\x64\release\mywidget.tlog\custombuild.command.1.tlog
f:\文档\研究生\界面算法(更新10.7)\上行界面算法(更新6.20）\mywidget_log11oneserver\mywidget\x64\release\mywidget.tlog\custombuild.read.1.tlog
f:\文档\研究生\界面算法(更新10.7)\上行界面算法(更新6.20）\mywidget_log11oneserver\mywidget\x64\release\mywidget.tlog\custombuild.write.1.tlog
f:\文档\研究生\界面算法(更新10.7)\上行界面算法(更新6.20）\mywidget_log11oneserver\mywidget\x64\release\mywidget.tlog\link.command.1.tlog
f:\文档\研究生\界面算法(更新10.7)\上行界面算法(更新6.20）\mywidget_log11oneserver\mywidget\x64\release\mywidget.tlog\link.read.1.tlog
f:\文档\研究生\界面算法(更新10.7)\上行界面算法(更新6.20）\mywidget_log11oneserver\mywidget\x64\release\mywidget.tlog\link.write.1.tlog
f:\文档\研究生\界面算法(更新10.7)\上行界面算法(更新6.20）\mywidget_log11oneserver\mywidget\x64\release\mywidget.tlog\rc.command.1.tlog
f:\文档\研究生\界面算法(更新10.7)\上行界面算法(更新6.20）\mywidget_log11oneserver\mywidget\x64\release\mywidget.tlog\rc.read.1.tlog
f:\文档\研究生\界面算法(更新10.7)\上行界面算法(更新6.20）\mywidget_log11oneserver\mywidget\x64\release\mywidget.tlog\rc.write.1.tlog
