f:\vs project\单服务器界面算法04\mywidget_log11oneserver\mywidget\x64\debug\vc140.pdb
f:\vs project\单服务器界面算法04\mywidget_log11oneserver\mywidget\x64\debug\mywidget.obj
f:\vs project\单服务器界面算法04\mywidget_log11oneserver\mywidget\x64\debug\proces.obj
f:\vs project\单服务器界面算法04\mywidget_log11oneserver\mywidget\x64\debug\main.obj
f:\vs project\单服务器界面算法04\mywidget_log11oneserver\mywidget\x64\debug\moc_mywidget.obj
f:\vs project\单服务器界面算法04\mywidget_log11oneserver\mywidget\x64\debug\mywidget.pch
f:\vs project\单服务器界面算法04\mywidget_log11oneserver\mywidget\x64\debug\stdafx.obj
f:\vs project\单服务器界面算法04\mywidget_log11oneserver\mywidget\x64\debug\qrc_mywidget.obj
f:\vs project\单服务器界面算法05\mywidget_log11oneserver\mywidget\x64\debug\mywidget.pch
f:\vs project\单服务器界面算法05\mywidget_log11oneserver\mywidget\x64\debug\vc140.pdb
f:\vs project\单服务器界面算法05\mywidget_log11oneserver\mywidget\x64\debug\stdafx.obj
f:\vs project\单服务器界面算法05\mywidget_log11oneserver\mywidget\x64\debug\proces.obj
f:\vs project\单服务器界面算法05\mywidget_log11oneserver\mywidget\x64\debug\mywidget.obj
f:\vs project\单服务器界面算法05\mywidget_log11oneserver\mywidget\x64\debug\main.obj
f:\vs project\单服务器界面算法05\mywidget_log11oneserver\mywidget\x64\debug\moc_mywidget.obj
f:\vs project\单服务器界面算法05\mywidget_log11oneserver\mywidget\x64\debug\qrc_mywidget.obj
f:\vs project\单服务器界面算法06\mywidget_log11oneserver\mywidget\x64\debug\mywidget.pch
f:\vs project\单服务器界面算法06\mywidget_log11oneserver\mywidget\x64\debug\vc140.pdb
f:\vs project\单服务器界面算法06\mywidget_log11oneserver\mywidget\x64\debug\stdafx.obj
f:\vs project\单服务器界面算法06\mywidget_log11oneserver\mywidget\x64\debug\proces.obj
f:\vs project\单服务器界面算法06\mywidget_log11oneserver\mywidget\x64\debug\mywidget.obj
f:\vs project\单服务器界面算法06\mywidget_log11oneserver\mywidget\x64\debug\main.obj
f:\vs project\单服务器界面算法06\mywidget_log11oneserver\mywidget\x64\debug\moc_mywidget.obj
f:\vs project\单服务器界面算法06\mywidget_log11oneserver\mywidget\x64\debug\qrc_mywidget.obj
f:\vs project\上行界面算法01\mywidget_log11oneserver\mywidget\x64\debug\mywidget.pch
f:\vs project\上行界面算法01\mywidget_log11oneserver\mywidget\x64\debug\vc140.pdb
f:\vs project\上行界面算法01\mywidget_log11oneserver\mywidget\x64\debug\stdafx.obj
f:\vs project\上行界面算法01\mywidget_log11oneserver\mywidget\x64\debug\qrc_mywidget.obj
f:\vs project\上行界面算法01\mywidget_log11oneserver\mywidget\x64\debug\mywidget.obj
f:\vs project\上行界面算法01\mywidget_log11oneserver\mywidget\x64\debug\main.obj
f:\vs project\上行界面算法01\mywidget_log11oneserver\mywidget\x64\debug\proces.obj
f:\vs project\上行界面算法01\mywidget_log11oneserver\mywidget\x64\debug\moc_mywidget.obj
f:\vs project\上行界面算法02\mywidget_log11oneserver\mywidget\x64\debug\mywidget.pch
f:\vs project\上行界面算法02\mywidget_log11oneserver\mywidget\x64\debug\vc140.pdb
f:\vs project\上行界面算法02\mywidget_log11oneserver\mywidget\x64\debug\stdafx.obj
f:\vs project\上行界面算法02\mywidget_log11oneserver\mywidget\x64\debug\proces.obj
f:\vs project\上行界面算法02\mywidget_log11oneserver\mywidget\x64\debug\mywidget.obj
f:\vs project\上行界面算法02\mywidget_log11oneserver\mywidget\x64\debug\main.obj
f:\vs project\上行界面算法02\mywidget_log11oneserver\mywidget\x64\debug\moc_mywidget.obj
f:\vs project\上行界面算法02\mywidget_log11oneserver\mywidget\x64\debug\qrc_mywidget.obj
f:\vs project\单服务器界面算法04\mywidget_log11oneserver\mywidget\generatedfiles\debug\moc_mywidget.cpp
f:\vs project\单服务器界面算法04\mywidget_log11oneserver\mywidget\generatedfiles\ui_mywidget.h
f:\vs project\单服务器界面算法04\mywidget_log11oneserver\mywidget\generatedfiles\qrc_mywidget.cpp
f:\vs project\单服务器界面算法05\mywidget_log11oneserver\mywidget\generatedfiles\ui_mywidget.h
f:\vs project\单服务器界面算法05\mywidget_log11oneserver\mywidget\generatedfiles\qrc_mywidget.cpp
f:\vs project\单服务器界面算法05\mywidget_log11oneserver\mywidget\generatedfiles\debug\moc_mywidget.cpp
f:\vs project\单服务器界面算法06\mywidget_log11oneserver\mywidget\generatedfiles\debug\moc_mywidget.cpp
f:\vs project\单服务器界面算法06\mywidget_log11oneserver\mywidget\generatedfiles\ui_mywidget.h
f:\vs project\单服务器界面算法06\mywidget_log11oneserver\mywidget\generatedfiles\qrc_mywidget.cpp
f:\vs project\上行界面算法01\mywidget_log11oneserver\mywidget\generatedfiles\debug\moc_mywidget.cpp
f:\vs project\上行界面算法01\mywidget_log11oneserver\mywidget\generatedfiles\ui_mywidget.h
f:\vs project\上行界面算法01\mywidget_log11oneserver\mywidget\generatedfiles\qrc_mywidget.cpp
f:\vs project\上行界面算法02\mywidget_log11oneserver\mywidget\generatedfiles\debug\moc_mywidget.cpp
f:\vs project\上行界面算法02\mywidget_log11oneserver\mywidget\generatedfiles\ui_mywidget.h
f:\vs project\上行界面算法02\mywidget_log11oneserver\mywidget\generatedfiles\qrc_mywidget.cpp
f:\vs project\单服务器界面算法04\mywidget_log11oneserver\x64\debug\mywidget.ilk
f:\vs project\单服务器界面算法04\mywidget_log11oneserver\x64\debug\mywidget.exe
f:\vs project\单服务器界面算法04\mywidget_log11oneserver\x64\debug\mywidget.pdb
f:\vs project\单服务器界面算法05\mywidget_log11oneserver\x64\debug\mywidget.ilk
f:\vs project\单服务器界面算法05\mywidget_log11oneserver\x64\debug\mywidget.exe
f:\vs project\单服务器界面算法05\mywidget_log11oneserver\x64\debug\mywidget.pdb
f:\vs project\单服务器界面算法06\mywidget_log11oneserver\x64\debug\mywidget.ilk
f:\vs project\单服务器界面算法06\mywidget_log11oneserver\x64\debug\mywidget.exe
f:\vs project\单服务器界面算法06\mywidget_log11oneserver\x64\debug\mywidget.pdb
f:\vs project\上行界面算法01\mywidget_log11oneserver\x64\debug\mywidget.ilk
f:\vs project\上行界面算法01\mywidget_log11oneserver\x64\debug\mywidget.exe
f:\vs project\上行界面算法01\mywidget_log11oneserver\x64\debug\mywidget.pdb
f:\vs project\上行界面算法02\mywidget_log11oneserver\x64\debug\mywidget.ilk
f:\vs project\上行界面算法02\mywidget_log11oneserver\x64\debug\mywidget.exe
f:\vs project\上行界面算法02\mywidget_log11oneserver\x64\debug\mywidget.pdb
f:\vs project\单服务器界面算法04\mywidget_log11oneserver\mywidget\x64\debug\mywidget.res
f:\vs project\单服务器界面算法05\mywidget_log11oneserver\mywidget\x64\debug\mywidget.res
f:\vs project\单服务器界面算法06\mywidget_log11oneserver\mywidget\x64\debug\mywidget.res
f:\vs project\上行界面算法01\mywidget_log11oneserver\mywidget\x64\debug\mywidget.res
f:\vs project\上行界面算法02\mywidget_log11oneserver\mywidget\x64\debug\mywidget.res
c:\users\cici\desktop\界面算法(更新7.10.1)\上行界面算法(更新6.20）\mywidget_log11oneserver\mywidget\x64\debug\main.obj
c:\users\cici\desktop\界面算法(更新7.10.1)\上行界面算法(更新6.20）\mywidget_log11oneserver\mywidget\x64\debug\moc_mywidget.obj
c:\users\cici\desktop\界面算法(更新7.10.1)\上行界面算法(更新6.20）\mywidget_log11oneserver\mywidget\x64\debug\mywidget.obj
c:\users\cici\desktop\界面算法(更新7.10.1)\上行界面算法(更新6.20）\mywidget_log11oneserver\mywidget\x64\debug\proces.obj
c:\users\cici\desktop\界面算法(更新7.10.1)\上行界面算法(更新6.20）\mywidget_log11oneserver\mywidget\x64\debug\qrc_mywidget.obj
c:\users\cici\desktop\界面算法(更新7.10.1)\上行界面算法(更新6.20）\mywidget_log11oneserver\mywidget\x64\debug\stdafx.obj
c:\users\cici\desktop\界面算法(更新7.10.1)\上行界面算法(更新6.20）\mywidget_log11oneserver\mywidget\x64\debug\mywidget.res
c:\users\cici\desktop\界面算法(更新7.10.1)\上行界面算法(更新6.20）\mywidget_log11oneserver\mywidget\x64\debug\mywidget.pch
c:\users\cici\desktop\界面算法(更新7.10.1)\上行界面算法(更新6.20）\mywidget_log11oneserver\mywidget\x64\debug\vc140.pdb
c:\users\cici\desktop\界面算法(更新7.10.1)\上行界面算法(更新6.20）\mywidget_log11oneserver\x64\debug\mywidget.pdb
c:\users\cici\desktop\界面算法(更新7.10.1)\上行界面算法(更新6.20）\mywidget_log11oneserver\x64\debug\mywidget.exe
c:\users\cici\desktop\界面算法(更新7.10.1)\上行界面算法(更新6.20）\mywidget_log11oneserver\x64\debug\mywidget.ilk
c:\users\cici\desktop\界面算法(更新7.10.1)\上行界面算法(更新6.20）\mywidget_log11oneserver\mywidget\x64\debug\mywidget.tlog\cl.command.1.tlog
c:\users\cici\desktop\界面算法(更新7.10.1)\上行界面算法(更新6.20）\mywidget_log11oneserver\mywidget\x64\debug\mywidget.tlog\cl.read.1.tlog
c:\users\cici\desktop\界面算法(更新7.10.1)\上行界面算法(更新6.20）\mywidget_log11oneserver\mywidget\x64\debug\mywidget.tlog\cl.write.1.tlog
c:\users\cici\desktop\界面算法(更新7.10.1)\上行界面算法(更新6.20）\mywidget_log11oneserver\mywidget\x64\debug\mywidget.tlog\custombuild.command.1.tlog
c:\users\cici\desktop\界面算法(更新7.10.1)\上行界面算法(更新6.20）\mywidget_log11oneserver\mywidget\x64\debug\mywidget.tlog\custombuild.read.1.tlog
c:\users\cici\desktop\界面算法(更新7.10.1)\上行界面算法(更新6.20）\mywidget_log11oneserver\mywidget\x64\debug\mywidget.tlog\custombuild.write.1.tlog
c:\users\cici\desktop\界面算法(更新7.10.1)\上行界面算法(更新6.20）\mywidget_log11oneserver\mywidget\x64\debug\mywidget.tlog\link.command.1.tlog
c:\users\cici\desktop\界面算法(更新7.10.1)\上行界面算法(更新6.20）\mywidget_log11oneserver\mywidget\x64\debug\mywidget.tlog\link.read.1.tlog
c:\users\cici\desktop\界面算法(更新7.10.1)\上行界面算法(更新6.20）\mywidget_log11oneserver\mywidget\x64\debug\mywidget.tlog\link.write.1.tlog
c:\users\cici\desktop\界面算法(更新7.10.1)\上行界面算法(更新6.20）\mywidget_log11oneserver\mywidget\x64\debug\mywidget.tlog\rc.command.1.tlog
c:\users\cici\desktop\界面算法(更新7.10.1)\上行界面算法(更新6.20）\mywidget_log11oneserver\mywidget\x64\debug\mywidget.tlog\rc.read.1.tlog
c:\users\cici\desktop\界面算法(更新7.10.1)\上行界面算法(更新6.20）\mywidget_log11oneserver\mywidget\x64\debug\mywidget.tlog\rc.write.1.tlog
